<?xml version="1.0" encoding="UTF-8"?>
<robot generator="Robot 4.1.3 (Python 3.10.2 on win32)" generated="20220217 16:51:33.107" rpa="false" schemaversion="2">
<suite id="s1" name="Browsercommand" source="C:\Users\SATISH\PycharmProjects\Demo_RobotFrameWork\Automation\browsercommand.robot">
<test id="s1-t1" name="browser commands">
<kw name="Open Browser" library="SeleniumLibrary">
<arg>${url1}</arg>
<arg>${browser}</arg>
<doc>Opens a new browser instance to the optional ``url``.</doc>
<msg timestamp="20220217 16:51:33.533" level="INFO">Opening browser 'chrome' to base url 'https://www.techlistic.com/p/selenium-practice-form.html'.</msg>
<status status="PASS" starttime="20220217 16:51:33.533" endtime="20220217 16:51:40.014"/>
</kw>
<kw name="Maximize Browser Window" library="SeleniumLibrary">
<doc>Maximizes current browser window.</doc>
<status status="PASS" starttime="20220217 16:51:40.015" endtime="20220217 16:51:40.142"/>
</kw>
<kw name="Sleep" library="BuiltIn">
<arg>3</arg>
<doc>Pauses the test executed for the given time.</doc>
<msg timestamp="20220217 16:51:43.156" level="INFO">Slept 3 seconds</msg>
<status status="PASS" starttime="20220217 16:51:40.143" endtime="20220217 16:51:43.156"/>
</kw>
<kw name="Go To" library="SeleniumLibrary">
<arg>${url2}</arg>
<doc>Navigates the current browser window to the provided ``url``.</doc>
<msg timestamp="20220217 16:51:43.157" level="INFO">Opening url 'https://robotframework.org/SeleniumLibrary/SeleniumLibrary.html#Go%20To'</msg>
<status status="PASS" starttime="20220217 16:51:43.157" endtime="20220217 16:51:45.403"/>
</kw>
<kw name="Sleep" library="BuiltIn">
<arg>3</arg>
<doc>Pauses the test executed for the given time.</doc>
<msg timestamp="20220217 16:51:48.414" level="INFO">Slept 3 seconds</msg>
<status status="PASS" starttime="20220217 16:51:45.403" endtime="20220217 16:51:48.414"/>
</kw>
<kw name="Go Back" library="SeleniumLibrary">
<doc>Simulates the user clicking the back button on their browser.</doc>
<status status="PASS" starttime="20220217 16:51:48.414" endtime="20220217 16:51:50.717"/>
</kw>
<kw name="Sleep" library="BuiltIn">
<arg>3</arg>
<doc>Pauses the test executed for the given time.</doc>
<msg timestamp="20220217 16:51:53.727" level="INFO">Slept 3 seconds</msg>
<status status="PASS" starttime="20220217 16:51:50.718" endtime="20220217 16:51:53.727"/>
</kw>
<kw name="Close All Browsers" library="SeleniumLibrary">
<doc>Closes all open browsers and resets the browser cache.</doc>
<status status="PASS" starttime="20220217 16:51:53.728" endtime="20220217 16:51:56.006"/>
</kw>
<status status="PASS" starttime="20220217 16:51:33.533" endtime="20220217 16:51:56.006"/>
</test>
<status status="PASS" starttime="20220217 16:51:33.122" endtime="20220217 16:51:56.006"/>
</suite>
<statistics>
<total>
<stat pass="1" fail="0" skip="0">All Tests</stat>
</total>
<tag>
</tag>
<suite>
<stat pass="1" fail="0" skip="0" id="s1" name="Browsercommand">Browsercommand</stat>
</suite>
</statistics>
<errors>
</errors>
</robot>
